<?xml version="1.0" encoding="UTF-8"?>
<!-- Generated by org.testng.reporters.JUnitReportReporter -->
<testsuite hostname="DESKTOP-AMBCL27" failures="0" tests="1" name="MavenTest.NewTest" time="6.955" errors="0" timestamp="2022-01-30T12:12:31 CST" skipped="0">
  <testcase classname="MavenTest.NewTest" name="googleTest" time="6.955"/>
  <system-out/>
</testsuite> <!-- MavenTest.NewTest -->
