<?xml version="1.0" encoding="UTF-8"?>
<!-- Generated by org.testng.reporters.JUnitReportReporter -->
<testsuite skipped="0" hostname="DESKTOP-AMBCL27" name="MavenTest.googleTitle" tests="1" failures="0" timestamp="2022-02-07T16:36:18 CST" time="15.826" errors="0">
  <testcase name="testTitlef" time="15.826" classname="MavenTest.googleTitle"/>
  <system-out/>
</testsuite> <!-- MavenTest.googleTitle -->
